<?xml version="1.0" encoding="UTF-8"?>
<testsuite xmlns:xsi="http://www.w3.org/2001/XMLSchema-instance" xsi:noNamespaceSchemaLocation="https://maven.apache.org/surefire/maven-surefire-plugin/xsd/surefire-test-report.xsd" version="3.0.2" name="br.com.cw.soap.consumer.SoapConsumerApplicationTests" time="4.278" tests="1" errors="0" skipped="0" failures="0">
  <properties>
[...]
</properties>
  <testcase name="contextLoads" classname="br.com.cw.soap.consumer.SoapConsumerApplicationTests" time="1.277">
    <system-out><![CDATA[11:07:16.059 [main] INFO org.springframework.test.context.support.AnnotationConfigContextLoaderUtils -- Could not detect default configuration classes for test class [br.com.cw.soap.consumer.SoapConsumerApplicationTests]: SoapConsumerApplicationTests does not declare any static, non-private, non-final, nested classes annotated with @Configuration.
11:07:16.225 [main] INFO org.springframework.boot.test.context.SpringBootTestContextBootstrapper -- Found @SpringBootConfiguration br.com.cw.soap.consumer.SoapConsumerApplication for test class br.com.cw.soap.consumer.SoapConsumerApplicationTests

  .   ____          _            __ _ _
 /\\ / ___'_ __ _ _(_)_ __  __ _ \ \ \ \
( ( )\___ | '_ | '_| | '_ \/ _` | \ \ \ \
 \\/  ___)| |_)| | | | | || (_| |  ) ) ) )
  '  |____| .__|_| |_|_| |_\__, | / / / /
 =========|_|==============|___/=/_/_/_/

 :: Spring Boot ::                (v3.4.4)

2025-03-21T11:07:16.908-03:00  INFO 20112 --- [soap-consumer] [           main] b.c.c.s.c.SoapConsumerApplicationTests   : Starting SoapConsumerApplicationTests using Java 21.0.4 with PID 20112 (started by cristian.albrecht in C:\Users\cristian.albrecht\Documents\Estudos\soap.consumer)
2025-03-21T11:07:16.910-03:00  INFO 20112 --- [soap-consumer] [           main] b.c.c.s.c.SoapConsumerApplicationTests   : No active profile set, falling back to 1 default profile: "default"
2025-03-21T11:07:18.658-03:00  INFO 20112 --- [soap-consumer] [           main] .w.s.a.s.AnnotationActionEndpointMapping : Supporting [WS-Addressing August 2004, WS-Addressing 1.0]
2025-03-21T11:07:18.714-03:00  INFO 20112 --- [soap-consumer] [           main] b.c.c.s.c.SoapConsumerApplicationTests   : Started SoapConsumerApplicationTests in 2.261 seconds (process running for 3.716)
]]></system-out>
    <system-err><![CDATA[Mockito is currently self-attaching to enable the inline-mock-maker. This will no longer work in future releases of the JDK. Please add Mockito as an agent to your build what is described in Mockito's documentation: https://javadoc.io/doc/org.mockito/mockito-core/latest/org/mockito/Mockito.html#0.3
WARNING: A Java agent has been loaded dynamically (C:\Users\cristian.albrecht\.m2\repository\net\bytebuddy\byte-buddy-agent\1.15.11\byte-buddy-agent-1.15.11.jar)
WARNING: If a serviceability tool is in use, please run with -XX:+EnableDynamicAgentLoading to hide this warning
WARNING: If a serviceability tool is not in use, please run with -Djdk.instrument.traceUsage for more information
WARNING: Dynamic loading of agents will be disallowed by default in a future release
]]></system-err>
  </testcase>
</testsuite>